28-Jan-2025 12:08:20.365 INFO [main] org.apache.catalina.startup.VersionLoggerListener.log Server version name:   Apache Tomcat/10.1.15
28-Jan-2025 12:08:20.365 INFO [main] org.apache.catalina.startup.VersionLoggerListener.log Server built:          Oct 11 2023 23:38:40 UTC
28-Jan-2025 12:08:20.365 INFO [main] org.apache.catalina.startup.VersionLoggerListener.log Server version number: 10.1.15.0
28-Jan-2025 12:08:20.365 INFO [main] org.apache.catalina.startup.VersionLoggerListener.log OS Name:               Windows 11
28-Jan-2025 12:08:20.415 INFO [main] org.apache.catalina.startup.VersionLoggerListener.log OS Version:            10.0
28-Jan-2025 12:08:20.415 INFO [main] org.apache.catalina.startup.VersionLoggerListener.log Architecture:          amd64
28-Jan-2025 12:08:20.417 INFO [main] org.apache.catalina.startup.VersionLoggerListener.log Java Home:             C:\Program Files\Java\jdk-11
28-Jan-2025 12:08:20.417 INFO [main] org.apache.catalina.startup.VersionLoggerListener.log JVM Version:           11.0.23+7-LTS-222
28-Jan-2025 12:08:20.417 INFO [main] org.apache.catalina.startup.VersionLoggerListener.log JVM Vendor:            Oracle Corporation
28-Jan-2025 12:08:20.417 INFO [main] org.apache.catalina.startup.VersionLoggerListener.log CATALINA_BASE:         C:\Users\qualian\Gobisha
28-Jan-2025 12:08:20.417 INFO [main] org.apache.catalina.startup.VersionLoggerListener.log CATALINA_HOME:         C:\Users\qualian\Gobisha
28-Jan-2025 12:08:20.417 INFO [main] org.apache.catalina.startup.VersionLoggerListener.log Command line argument: -Dcatalina.home=C:\Users\qualian\Gobisha
28-Jan-2025 12:08:20.417 INFO [main] org.apache.catalina.startup.VersionLoggerListener.log Command line argument: -Dcatalina.base=C:\Users\qualian\Gobisha
28-Jan-2025 12:08:20.417 INFO [main] org.apache.catalina.startup.VersionLoggerListener.log Command line argument: -Djava.io.tmpdir=C:\Users\qualian\Gobisha\temp
28-Jan-2025 12:08:20.417 INFO [main] org.apache.catalina.startup.VersionLoggerListener.log Command line argument: -Djava.util.logging.manager=org.apache.juli.ClassLoaderLogManager
28-Jan-2025 12:08:20.417 INFO [main] org.apache.catalina.startup.VersionLoggerListener.log Command line argument: -Djava.util.logging.config.file=C:\Users\qualian\Gobisha\conf\logging.properties
28-Jan-2025 12:08:20.417 INFO [main] org.apache.catalina.startup.VersionLoggerListener.log Command line argument: --add-opens=java.base/java.lang=ALL-UNNAMED
28-Jan-2025 12:08:20.417 INFO [main] org.apache.catalina.startup.VersionLoggerListener.log Command line argument: --add-opens=java.base/java.io=ALL-UNNAMED
28-Jan-2025 12:08:20.419 INFO [main] org.apache.catalina.startup.VersionLoggerListener.log Command line argument: --add-opens=java.rmi/sun.rmi.transport=ALL-UNNAMED
28-Jan-2025 12:08:20.419 INFO [main] org.apache.catalina.startup.VersionLoggerListener.log Command line argument: exit
28-Jan-2025 12:08:20.419 INFO [main] org.apache.catalina.startup.VersionLoggerListener.log Command line argument: abort
28-Jan-2025 12:08:20.419 INFO [main] org.apache.catalina.startup.VersionLoggerListener.log Command line argument: -Xms128m
28-Jan-2025 12:08:20.419 INFO [main] org.apache.catalina.startup.VersionLoggerListener.log Command line argument: -Xmx256m
28-Jan-2025 12:08:20.420 INFO [main] org.apache.catalina.core.AprLifecycleListener.lifecycleEvent The Apache Tomcat Native library which allows using OpenSSL was not found on the java.library.path: [C:\Users\qualian\Gobisha\bin;C:\WINDOWS\Sun\Java\bin;C:\WINDOWS\system32;C:\WINDOWS;C:\Program Files\Java\jdk-11\bin;C:\Program Files\Common Files\Oracle\Java\javapath;C:\WINDOWS\system32;C:\WINDOWS;C:\WINDOWS\System32\Wbem;C:\WINDOWS\System32\WindowsPowerShell\v1.0\;C:\WINDOWS\System32\OpenSSH\;C:\WINDOWS\ServiceProfiles\LocalService\AppData\Local\Microsoft\WindowsApps;.]
28-Jan-2025 12:08:20.658 INFO [main] org.apache.coyote.AbstractProtocol.init Initializing ProtocolHandler ["http-nio-8080"]
28-Jan-2025 12:08:20.689 INFO [main] org.apache.catalina.startup.Catalina.load Server initialization in [527] milliseconds
28-Jan-2025 12:08:20.743 INFO [main] org.apache.catalina.core.StandardService.startInternal Starting service [Catalina]
28-Jan-2025 12:08:20.743 INFO [main] org.apache.catalina.core.StandardEngine.startInternal Starting Servlet engine: [Apache Tomcat/10.1.15]
28-Jan-2025 12:08:20.754 INFO [main] org.apache.catalina.startup.HostConfig.deployDirectory Deploying web application directory [C:\Users\qualian\Gobisha\webapps\docs]
28-Jan-2025 12:08:21.197 WARNING [main] org.apache.catalina.util.SessionIdGeneratorBase.createSecureRandom Creation of SecureRandom instance for session ID generation using [SHA1PRNG] took [173] milliseconds.
28-Jan-2025 12:08:21.229 INFO [main] org.apache.catalina.startup.HostConfig.deployDirectory Deployment of web application directory [C:\Users\qualian\Gobisha\webapps\docs] has finished in [475] ms
28-Jan-2025 12:08:21.229 INFO [main] org.apache.catalina.startup.HostConfig.deployDirectory Deploying web application directory [C:\Users\qualian\Gobisha\webapps\manager]
28-Jan-2025 12:08:21.293 INFO [main] org.apache.catalina.startup.HostConfig.deployDirectory Deployment of web application directory [C:\Users\qualian\Gobisha\webapps\manager] has finished in [64] ms
28-Jan-2025 12:08:21.293 INFO [main] org.apache.catalina.startup.HostConfig.deployDirectory Deploying web application directory [C:\Users\qualian\Gobisha\webapps\ROOT]
28-Jan-2025 12:08:21.318 INFO [main] org.apache.catalina.startup.HostConfig.deployDirectory Deployment of web application directory [C:\Users\qualian\Gobisha\webapps\ROOT] has finished in [24] ms
28-Jan-2025 12:08:21.321 INFO [main] org.apache.coyote.AbstractProtocol.start Starting ProtocolHandler ["http-nio-8080"]
28-Jan-2025 12:08:21.433 INFO [main] org.apache.catalina.startup.Catalina.start Server startup in [743] milliseconds
