!SESSION 2025-04-01 10:21:37.763 -----------------------------------------------
eclipse.buildId=4.32.0.20240606-1231
java.version=11.0.23
java.vendor=Oracle Corporation
BootLoader constants: OS=win32, ARCH=x86_64, WS=win32, NL=en_IN
Framework arguments:  -application org.eclipse.ui.ide.workbench
Command-line arguments:  -application org.eclipse.ui.ide.workbench -data C:\Users\qualian\Gobisha\eclipse-workspace/../runtime-New_configuration(5) -dev file:C:/Users/qualian/Gobisha/eclipse-workspace/.metadata/.plugins/org.eclipse.pde.core/New_configuration (5)/dev.properties -os win32 -ws win32 -arch x86_64 -consoleLog

!ENTRY org.eclipse.equinox.simpleconfigurator 4 0 2025-04-01 10:21:38.069
!MESSAGE FrameworkEvent ERROR
!STACK 0
org.osgi.framework.BundleException: Could not resolve module: org.eclipse.equinox.simpleconfigurator [2]
  Unresolved requirement: Require-Capability: osgi.ee; filter:="(&(osgi.ee=JavaSE)(version=17))"

	at org.eclipse.osgi.container.Module.start(Module.java:493)
	at org.eclipse.osgi.container.ModuleContainer$ContainerStartLevel$2.run(ModuleContainer.java:2074)
	at org.eclipse.osgi.internal.framework.EquinoxContainerAdaptor$1$1.execute(EquinoxContainerAdaptor.java:143)
	at org.eclipse.osgi.container.ModuleContainer$ContainerStartLevel.incStartLevel(ModuleContainer.java:2065)
	at org.eclipse.osgi.container.ModuleContainer$ContainerStartLevel.incStartLevel(ModuleContainer.java:2007)
	at org.eclipse.osgi.container.ModuleContainer$ContainerStartLevel.doContainerStartLevel(ModuleContainer.java:1968)
	at org.eclipse.osgi.container.SystemModule.startWorker(SystemModule.java:274)
	at org.eclipse.osgi.container.Module.doStart(Module.java:639)
	at org.eclipse.osgi.container.Module.start(Module.java:498)
	at org.eclipse.osgi.container.SystemModule.start(SystemModule.java:198)
	at org.eclipse.osgi.internal.framework.EquinoxBundle.start(EquinoxBundle.java:463)
	at org.eclipse.osgi.internal.framework.EquinoxBundle.start(EquinoxBundle.java:482)
	at org.eclipse.osgi.launch.Equinox.start(Equinox.java:139)
	at org.eclipse.core.runtime.adaptor.EclipseStarter.startup(EclipseStarter.java:367)
	at org.eclipse.core.runtime.adaptor.EclipseStarter.run(EclipseStarter.java:267)
	at java.base/jdk.internal.reflect.NativeMethodAccessorImpl.invoke0(Native Method)
	at java.base/jdk.internal.reflect.NativeMethodAccessorImpl.invoke(NativeMethodAccessorImpl.java:62)
	at java.base/jdk.internal.reflect.DelegatingMethodAccessorImpl.invoke(DelegatingMethodAccessorImpl.java:43)
	at java.base/java.lang.reflect.Method.invoke(Method.java:566)
	at org.eclipse.equinox.launcher.Main.invokeFramework(Main.java:668)
	at org.eclipse.equinox.launcher.Main.basicRun(Main.java:605)
	at org.eclipse.equinox.launcher.Main.run(Main.java:1481)
	at org.eclipse.equinox.launcher.Main.main(Main.java:1454)

!ENTRY org.eclipse.osgi 4 0 2025-04-01 10:21:38.071
!MESSAGE Bundle initial@reference:file:../../../.p2/pool/plugins/org.eclipse.equinox.simpleconfigurator_1.5.300.v20240424-1301.jar was not resolved.

!ENTRY org.eclipse.equinox.simpleconfigurator 2 0 2025-04-01 10:21:38.074
!MESSAGE Could not resolve module: org.eclipse.equinox.simpleconfigurator [2]
  Unresolved requirement: Require-Capability: osgi.ee; filter:="(&(osgi.ee=JavaSE)(version=17))"


!ENTRY org.eclipse.osgi 4 0 2025-04-01 10:21:38.082
!MESSAGE Application error
!STACK 1
java.lang.IllegalStateException: Unable to acquire application service. Ensure that the org.eclipse.core.runtime bundle is resolved and started (see config.ini).
	at org.eclipse.core.runtime.internal.adaptor.EclipseAppLauncher.start(EclipseAppLauncher.java:86)
	at org.eclipse.core.runtime.adaptor.EclipseStarter.run(EclipseStarter.java:439)
	at org.eclipse.core.runtime.adaptor.EclipseStarter.run(EclipseStarter.java:271)
	at java.base/jdk.internal.reflect.NativeMethodAccessorImpl.invoke0(Native Method)
	at java.base/jdk.internal.reflect.NativeMethodAccessorImpl.invoke(NativeMethodAccessorImpl.java:62)
	at java.base/jdk.internal.reflect.DelegatingMethodAccessorImpl.invoke(DelegatingMethodAccessorImpl.java:43)
	at java.base/java.lang.reflect.Method.invoke(Method.java:566)
	at org.eclipse.equinox.launcher.Main.invokeFramework(Main.java:668)
	at org.eclipse.equinox.launcher.Main.basicRun(Main.java:605)
	at org.eclipse.equinox.launcher.Main.run(Main.java:1481)
	at org.eclipse.equinox.launcher.Main.main(Main.java:1454)
